2017-04-06 13:37:35,090 CRIT Server 'inet_http_server' running without any HTTP authentication checking
2017-04-06 13:38:59,857 CRIT Server 'inet_http_server' running without any HTTP authentication checking
2017-04-06 13:39:14,110 CRIT Server 'inet_http_server' running without any HTTP authentication checking
2017-04-06 13:39:14,417 CRIT Server 'unix_http_server' running without any HTTP authentication checking
2017-04-06 13:39:14,418 INFO daemonizing the supervisord process
2017-04-06 13:39:14,419 INFO supervisord started with pid 64995
2017-04-06 13:44:10,604 CRIT Server 'unix_http_server' running without any HTTP authentication checking
2017-04-06 13:44:10,606 INFO daemonizing the supervisord process
2017-04-06 13:44:10,607 INFO supervisord started with pid 66031
2017-04-06 13:46:27,882 CRIT Server 'unix_http_server' running without any HTTP authentication checking
2017-04-06 13:46:27,884 INFO daemonizing the supervisord process
2017-04-06 13:46:27,885 INFO supervisord started with pid 66674
2017-04-06 13:46:28,888 INFO spawned: 'ls' with pid 66682
2017-04-06 13:46:29,892 INFO success: ls entered RUNNING state, process has stayed up for > than 1 seconds (startsecs)
2017-04-06 13:47:15,259 INFO exited: ls (exit status 1; not expected)
2017-04-06 13:47:16,262 INFO spawned: 'ls' with pid 66905
2017-04-06 13:47:17,268 INFO success: ls entered RUNNING state, process has stayed up for > than 1 seconds (startsecs)
2017-04-06 13:52:05,880 INFO RPC interface 'supervisor' initialized
2017-04-06 13:52:05,881 CRIT Server 'unix_http_server' running without any HTTP authentication checking
2017-04-06 13:52:05,883 INFO daemonizing the supervisord process
2017-04-06 13:52:05,884 INFO supervisord started with pid 67945
2017-04-06 13:52:06,886 INFO spawned: 'ls' with pid 67953
2017-04-06 13:52:07,897 INFO success: ls entered RUNNING state, process has stayed up for > than 1 seconds (startsecs)
2017-04-06 13:58:56,800 INFO exited: ls (exit status 1; not expected)
2017-04-06 13:58:57,802 INFO spawned: 'ls' with pid 69614
2017-04-06 13:58:58,805 INFO success: ls entered RUNNING state, process has stayed up for > than 1 seconds (startsecs)
2017-04-06 13:59:06,016 INFO RPC interface 'supervisor' initialized
2017-04-06 13:59:06,016 CRIT Server 'unix_http_server' running without any HTTP authentication checking
2017-04-06 13:59:06,017 INFO daemonizing the supervisord process
2017-04-06 13:59:06,019 INFO supervisord started with pid 69640
2017-04-06 13:59:07,021 INFO spawned: 'ls' with pid 69649
2017-04-06 13:59:08,033 INFO success: ls entered RUNNING state, process has stayed up for > than 1 seconds (startsecs)
2017-04-06 13:59:37,177 INFO waiting for ls to stop
2017-04-06 13:59:37,178 INFO stopped: ls (terminated by SIGTERM)
2017-04-06 14:01:44,022 INFO RPC interface 'supervisor' initialized
2017-04-06 14:01:44,023 CRIT Server 'unix_http_server' running without any HTTP authentication checking
2017-04-06 14:01:44,024 INFO daemonizing the supervisord process
2017-04-06 14:01:44,025 INFO supervisord started with pid 70238
2017-04-06 14:01:52,834 INFO spawned: 'ls' with pid 70269
2017-04-06 14:01:53,833 INFO success: ls entered RUNNING state, process has stayed up for > than 1 seconds (startsecs)
2017-04-06 14:01:55,058 INFO exited: ls (exit status 0; expected)
2017-04-06 14:02:54,379 INFO RPC interface 'supervisor' initialized
2017-04-06 14:02:54,379 CRIT Server 'unix_http_server' running without any HTTP authentication checking
2017-04-06 14:02:54,380 INFO daemonizing the supervisord process
2017-04-06 14:02:54,381 INFO supervisord started with pid 70531
2017-04-06 14:03:45,381 INFO spawned: 'ls' with pid 70712
2017-04-06 14:03:46,378 INFO success: ls entered RUNNING state, process has stayed up for > than 1 seconds (startsecs)
2017-04-06 14:03:47,641 INFO exited: ls (exit status 0; expected)
2017-04-06 14:04:30,915 INFO RPC interface 'supervisor' initialized
2017-04-06 14:04:30,915 CRIT Server 'unix_http_server' running without any HTTP authentication checking
2017-04-06 14:04:30,917 INFO daemonizing the supervisord process
2017-04-06 14:04:30,918 INFO supervisord started with pid 70912
2017-04-06 14:04:46,842 INFO spawned: 'ls' with pid 70971
2017-04-06 14:04:46,962 INFO exited: ls (exit status 0; not expected)
2017-04-06 14:04:47,583 INFO exited: ls (exit status 1; not expected)
2017-04-06 14:04:47,967 INFO spawned: 'ls' with pid 70976
2017-04-06 14:04:48,074 INFO exited: ls (exit status 0; not expected)
2017-04-06 14:04:48,598 INFO spawned: 'ls' with pid 70979
2017-04-06 14:04:49,598 INFO success: ls entered RUNNING state, process has stayed up for > than 1 seconds (startsecs)
2017-04-06 14:04:50,076 INFO spawned: 'ls' with pid 70984
2017-04-06 14:04:50,190 INFO exited: ls (exit status 0; not expected)
2017-04-06 14:04:53,193 INFO spawned: 'ls' with pid 70993
2017-04-06 14:04:53,307 INFO exited: ls (exit status 0; not expected)
2017-04-06 14:04:54,307 INFO gave up: ls entered FATAL state, too many start retries too quickly
2017-04-06 14:05:23,895 INFO spawned: 'ls' with pid 71088
2017-04-06 14:05:24,894 INFO success: ls entered RUNNING state, process has stayed up for > than 1 seconds (startsecs)
2017-04-06 14:05:24,961 INFO exited: ls (exit status 0; expected)
2017-04-06 14:12:02,467 INFO exited: ls (exit status 1; not expected)
2017-04-06 14:12:03,482 INFO spawned: 'ls' with pid 72591
2017-04-06 14:12:04,492 INFO success: ls entered RUNNING state, process has stayed up for > than 1 seconds (startsecs)
2017-04-06 14:17:24,268 INFO exited: ls (exit status 1; not expected)
2017-04-06 14:17:25,270 INFO spawned: 'ls' with pid 73822
2017-04-06 14:17:26,273 INFO success: ls entered RUNNING state, process has stayed up for > than 1 seconds (startsecs)
2017-04-06 14:18:30,438 INFO RPC interface 'supervisor' initialized
2017-04-06 14:18:30,438 CRIT Server 'unix_http_server' running without any HTTP authentication checking
2017-04-06 14:18:30,439 INFO daemonizing the supervisord process
2017-04-06 14:18:30,440 INFO supervisord started with pid 74050
2017-04-06 14:24:07,274 INFO exited: ls (exit status 1; not expected)
2017-04-06 14:24:08,316 INFO spawned: 'ls' with pid 75175
2017-04-06 14:24:09,331 INFO success: ls entered RUNNING state, process has stayed up for > than 1 seconds (startsecs)
2017-04-06 14:29:30,662 INFO exited: ls (exit status 1; not expected)
2017-04-06 14:29:31,674 INFO spawned: 'ls' with pid 76347
2017-04-06 14:29:32,684 INFO success: ls entered RUNNING state, process has stayed up for > than 1 seconds (startsecs)
2017-04-06 14:36:36,944 INFO exited: ls (exit status 1; not expected)
2017-04-06 14:36:37,945 INFO spawned: 'ls' with pid 78114
2017-04-06 14:36:38,952 INFO success: ls entered RUNNING state, process has stayed up for > than 1 seconds (startsecs)
2017-04-06 14:41:40,576 INFO exited: ls (exit status 1; not expected)
2017-04-06 14:41:41,578 INFO spawned: 'ls' with pid 79377
2017-04-06 14:41:42,583 INFO success: ls entered RUNNING state, process has stayed up for > than 1 seconds (startsecs)
2017-04-06 14:48:33,947 INFO exited: ls (exit status 1; not expected)
2017-04-06 14:48:34,949 INFO spawned: 'ls' with pid 80902
2017-04-06 14:48:35,975 INFO success: ls entered RUNNING state, process has stayed up for > than 1 seconds (startsecs)
2017-04-06 14:53:56,070 INFO exited: ls (exit status 1; not expected)
2017-04-06 14:53:57,074 INFO spawned: 'ls' with pid 82120
2017-04-06 14:53:58,078 INFO success: ls entered RUNNING state, process has stayed up for > than 1 seconds (startsecs)
2017-04-06 15:00:50,083 INFO exited: ls (exit status 1; not expected)
2017-04-06 15:00:51,124 INFO spawned: 'ls' with pid 83726
2017-04-06 15:00:52,143 INFO success: ls entered RUNNING state, process has stayed up for > than 1 seconds (startsecs)
2017-04-06 15:06:07,980 INFO exited: ls (exit status 1; not expected)
2017-04-06 15:06:08,982 INFO spawned: 'ls' with pid 84797
2017-04-06 15:06:09,987 INFO success: ls entered RUNNING state, process has stayed up for > than 1 seconds (startsecs)
2017-04-06 15:12:13,046 INFO exited: ls (exit status 1; not expected)
2017-04-06 15:12:14,047 INFO spawned: 'ls' with pid 85954
2017-04-06 15:12:15,064 INFO success: ls entered RUNNING state, process has stayed up for > than 1 seconds (startsecs)
2017-04-06 15:17:26,969 INFO exited: ls (exit status 1; not expected)
2017-04-06 15:17:27,970 INFO spawned: 'ls' with pid 87178
2017-04-06 15:17:28,980 INFO success: ls entered RUNNING state, process has stayed up for > than 1 seconds (startsecs)
2017-04-06 15:24:28,344 INFO exited: ls (exit status 1; not expected)
2017-04-06 15:24:29,346 INFO spawned: 'ls' with pid 88877
2017-04-06 15:24:30,348 INFO success: ls entered RUNNING state, process has stayed up for > than 1 seconds (startsecs)
2017-04-06 15:29:46,897 INFO exited: ls (exit status 1; not expected)
2017-04-06 15:29:47,932 INFO spawned: 'ls' with pid 90039
2017-04-06 15:29:48,938 INFO success: ls entered RUNNING state, process has stayed up for > than 1 seconds (startsecs)
2017-04-06 15:36:09,559 INFO exited: ls (exit status 1; not expected)
2017-04-06 15:36:10,561 INFO spawned: 'ls' with pid 91443
2017-04-06 15:36:11,569 INFO success: ls entered RUNNING state, process has stayed up for > than 1 seconds (startsecs)
2017-04-06 15:41:20,587 INFO exited: ls (exit status 1; not expected)
2017-04-06 15:41:21,588 INFO spawned: 'ls' with pid 92535
2017-04-06 15:41:22,589 INFO success: ls entered RUNNING state, process has stayed up for > than 1 seconds (startsecs)
2017-04-06 15:47:27,758 INFO exited: ls (exit status 1; not expected)
2017-04-06 15:47:28,760 INFO spawned: 'ls' with pid 93913
2017-04-06 15:47:29,830 INFO success: ls entered RUNNING state, process has stayed up for > than 1 seconds (startsecs)
2017-04-06 15:52:40,264 INFO exited: ls (exit status 1; not expected)
2017-04-06 15:52:41,266 INFO spawned: 'ls' with pid 95027
2017-04-06 15:52:42,606 INFO success: ls entered RUNNING state, process has stayed up for > than 1 seconds (startsecs)
2017-04-06 15:59:07,339 INFO exited: ls (exit status 1; not expected)
2017-04-06 15:59:08,341 INFO spawned: 'ls' with pid 96462
2017-04-06 15:59:09,368 INFO success: ls entered RUNNING state, process has stayed up for > than 1 seconds (startsecs)
2017-04-06 16:04:29,746 INFO exited: ls (exit status 1; not expected)
2017-04-06 16:04:30,748 INFO spawned: 'ls' with pid 97604
2017-04-06 16:04:31,764 INFO success: ls entered RUNNING state, process has stayed up for > than 1 seconds (startsecs)
2017-04-06 16:11:01,503 INFO exited: ls (exit status 1; not expected)
2017-04-06 16:11:02,506 INFO spawned: 'ls' with pid 99070
2017-04-06 16:11:03,505 INFO success: ls entered RUNNING state, process has stayed up for > than 1 seconds (startsecs)
2017-04-06 16:16:02,804 INFO exited: ls (exit status 1; not expected)
2017-04-06 16:16:03,805 INFO spawned: 'ls' with pid 258
2017-04-06 16:16:04,813 INFO success: ls entered RUNNING state, process has stayed up for > than 1 seconds (startsecs)
2017-04-06 16:22:55,827 INFO exited: ls (exit status 1; not expected)
2017-04-06 16:22:56,828 INFO spawned: 'ls' with pid 1814
2017-04-06 16:22:57,833 INFO success: ls entered RUNNING state, process has stayed up for > than 1 seconds (startsecs)
2017-04-06 16:28:13,554 INFO exited: ls (exit status 1; not expected)
2017-04-06 16:28:14,555 INFO spawned: 'ls' with pid 3079
2017-04-06 16:28:15,558 INFO success: ls entered RUNNING state, process has stayed up for > than 1 seconds (startsecs)
2017-04-06 16:34:55,674 INFO exited: ls (exit status 1; not expected)
2017-04-06 16:34:56,677 INFO spawned: 'ls' with pid 4522
2017-04-06 16:34:57,676 INFO success: ls entered RUNNING state, process has stayed up for > than 1 seconds (startsecs)
2017-04-06 16:40:12,195 INFO exited: ls (exit status 1; not expected)
2017-04-06 16:40:13,197 INFO spawned: 'ls' with pid 5911
2017-04-06 16:40:14,199 INFO success: ls entered RUNNING state, process has stayed up for > than 1 seconds (startsecs)
2017-04-10 17:45:59,600 INFO RPC interface 'supervisor' initialized
2017-04-10 17:45:59,601 CRIT Server 'unix_http_server' running without any HTTP authentication checking
2017-04-10 17:45:59,602 INFO daemonizing the supervisord process
2017-04-10 17:45:59,603 INFO supervisord started with pid 29850
2017-04-10 17:47:42,419 INFO spawned: 'ls' with pid 30426
2017-04-10 17:47:43,214 INFO exited: ls (exit status 0; not expected)
2017-04-10 17:47:44,217 INFO spawned: 'ls' with pid 30434
2017-04-10 17:47:44,310 INFO exited: ls (exit status 0; not expected)
2017-04-10 17:47:46,313 INFO spawned: 'ls' with pid 30440
2017-04-10 17:47:46,406 INFO exited: ls (exit status 0; not expected)
2017-04-10 17:47:49,409 INFO spawned: 'ls' with pid 30448
2017-04-10 17:47:49,508 INFO exited: ls (exit status 0; not expected)
2017-04-10 17:47:50,509 INFO gave up: ls entered FATAL state, too many start retries too quickly
2017-04-10 22:25:01,590 INFO RPC interface 'supervisor' initialized
2017-04-10 22:25:01,591 CRIT Server 'unix_http_server' running without any HTTP authentication checking
2017-04-10 22:25:01,593 INFO daemonizing the supervisord process
2017-04-10 22:25:01,593 INFO supervisord started with pid 93156
2017-04-10 22:25:02,596 INFO spawned: 'ls' with pid 93171
2017-04-10 22:25:02,709 INFO exited: ls (exit status 0; not expected)
2017-04-10 22:25:03,711 INFO spawned: 'ls' with pid 93178
2017-04-10 22:25:03,805 INFO exited: ls (exit status 0; not expected)
2017-04-10 22:25:05,808 INFO spawned: 'ls' with pid 93191
2017-04-10 22:25:05,902 INFO exited: ls (exit status 0; not expected)
2017-04-10 22:25:08,906 INFO spawned: 'ls' with pid 93206
2017-04-10 22:25:09,002 INFO exited: ls (exit status 0; not expected)
2017-04-10 22:25:10,003 INFO gave up: ls entered FATAL state, too many start retries too quickly
2017-04-10 22:25:45,368 INFO spawned: 'ls' with pid 93365
2017-04-10 22:25:45,465 INFO exited: ls (exit status 0; not expected)
2017-04-10 22:25:46,469 INFO spawned: 'ls' with pid 93371
2017-04-10 22:25:46,562 INFO exited: ls (exit status 0; not expected)
2017-04-10 22:25:48,565 INFO spawned: 'ls' with pid 93377
2017-04-10 22:25:48,659 INFO exited: ls (exit status 0; not expected)
2017-04-10 22:25:51,663 INFO spawned: 'ls' with pid 93387
2017-04-10 22:25:51,757 INFO exited: ls (exit status 0; not expected)
2017-04-10 22:25:51,909 INFO gave up: ls entered FATAL state, too many start retries too quickly
2017-04-10 22:27:22,798 INFO RPC interface 'supervisor' initialized
2017-04-10 22:27:22,798 CRIT Server 'unix_http_server' running without any HTTP authentication checking
2017-04-10 22:27:22,799 INFO daemonizing the supervisord process
2017-04-10 22:27:22,800 INFO supervisord started with pid 93729
2017-04-10 22:27:23,802 INFO spawned: 'ls' with pid 93745
2017-04-10 22:27:23,903 INFO exited: ls (exit status 0; not expected)
2017-04-10 22:27:24,906 INFO spawned: 'ls' with pid 93747
2017-04-10 22:27:24,999 INFO exited: ls (exit status 0; not expected)
2017-04-10 22:27:27,001 INFO spawned: 'ls' with pid 93754
2017-04-10 22:27:27,103 INFO exited: ls (exit status 0; not expected)
2017-04-10 22:27:30,919 INFO spawned: 'ls' with pid 93766
2017-04-10 22:27:31,011 INFO exited: ls (exit status 0; not expected)
2017-04-10 22:27:32,012 INFO gave up: ls entered FATAL state, too many start retries too quickly
2017-04-10 22:29:27,695 INFO RPC interface 'supervisor' initialized
2017-04-10 22:29:27,695 CRIT Server 'unix_http_server' running without any HTTP authentication checking
2017-04-10 22:29:27,696 INFO daemonizing the supervisord process
2017-04-10 22:29:27,697 INFO supervisord started with pid 94195
2017-04-10 22:29:28,699 INFO spawned: 'ls' with pid 94210
2017-04-10 22:29:28,713 INFO success: ls entered RUNNING state, process has stayed up for > than 0 seconds (startsecs)
2017-04-10 22:29:28,797 INFO exited: ls (exit status 0; expected)
2017-04-10 22:30:06,730 INFO RPC interface 'supervisor' initialized
2017-04-10 22:30:06,730 CRIT Server 'unix_http_server' running without any HTTP authentication checking
2017-04-10 22:30:06,731 INFO daemonizing the supervisord process
2017-04-10 22:30:06,732 INFO supervisord started with pid 94353
2017-04-10 22:30:07,734 INFO spawned: 'ls' with pid 94368
2017-04-10 22:30:07,747 INFO success: ls entered RUNNING state, process has stayed up for > than 0 seconds (startsecs)
2017-04-10 22:30:07,828 INFO exited: ls (exit status 0; expected)
2017-04-10 22:30:15,325 INFO spawned: 'ls' with pid 94389
2017-04-10 22:30:15,325 INFO success: ls entered RUNNING state, process has stayed up for > than 0 seconds (startsecs)
2017-04-10 22:30:15,424 INFO exited: ls (exit status 0; expected)
2017-04-11 00:20:31,503 INFO RPC interface 'supervisor' initialized
2017-04-11 00:20:31,504 CRIT Server 'unix_http_server' running without any HTTP authentication checking
2017-04-11 00:20:31,505 INFO daemonizing the supervisord process
2017-04-11 00:20:31,506 INFO supervisord started with pid 18640
2017-04-11 00:20:32,509 INFO spawned: 'ls' with pid 18656
2017-04-11 00:20:32,521 INFO success: ls entered RUNNING state, process has stayed up for > than 0 seconds (startsecs)
2017-04-11 00:20:32,602 INFO exited: ls (exit status 0; expected)
2017-04-11 00:22:26,009 INFO spawned: 'ls' with pid 19193
2017-04-11 00:22:26,009 INFO success: ls entered RUNNING state, process has stayed up for > than 0 seconds (startsecs)
2017-04-11 00:22:26,103 INFO exited: ls (exit status 0; expected)
2017-04-11 00:22:30,609 INFO spawned: 'ls' with pid 19207
2017-04-11 00:22:30,609 INFO success: ls entered RUNNING state, process has stayed up for > than 0 seconds (startsecs)
2017-04-11 00:22:30,704 INFO exited: ls (exit status 0; expected)
2017-04-11 00:25:47,296 INFO spawned: 'ls' with pid 19879
2017-04-11 00:25:47,299 INFO success: ls entered RUNNING state, process has stayed up for > than 0 seconds (startsecs)
2017-04-11 00:25:47,408 INFO exited: ls (exit status 0; expected)
2017-04-11 01:24:24,998 INFO RPC interface 'supervisor' initialized
2017-04-11 01:24:24,999 CRIT Server 'unix_http_server' running without any HTTP authentication checking
2017-04-11 01:24:25,000 INFO daemonizing the supervisord process
2017-04-11 01:24:25,001 INFO supervisord started with pid 32745
2017-04-11 01:24:26,004 INFO spawned: 'ls' with pid 32757
2017-04-11 01:24:26,065 INFO success: ls entered RUNNING state, process has stayed up for > than 0 seconds (startsecs)
2017-04-11 01:24:26,651 INFO exited: ls (exit status 0; expected)
2017-04-11 01:27:16,223 INFO RPC interface 'supervisor' initialized
2017-04-11 01:27:16,223 CRIT Server 'unix_http_server' running without any HTTP authentication checking
2017-04-11 01:27:16,224 INFO daemonizing the supervisord process
2017-04-11 01:27:16,225 INFO supervisord started with pid 33372
2017-04-11 01:27:17,228 INFO spawned: 'bigls' with pid 33384
2017-04-11 01:27:17,230 INFO spawned: 'fatls' with pid 33385
2017-04-11 01:28:57,480 INFO success: bigls entered RUNNING state, process has stayed up for > than 100 seconds (startsecs)
2017-04-11 01:28:57,481 INFO success: fatls entered RUNNING state, process has stayed up for > than 100 seconds (startsecs)
2017-04-11 01:39:13,246 INFO exited: fatls (exit status 1; not expected)
2017-04-11 01:39:13,318 INFO spawned: 'fatls' with pid 35944
2017-04-11 01:40:53,405 INFO success: fatls entered RUNNING state, process has stayed up for > than 100 seconds (startsecs)
2017-04-11 01:50:08,716 INFO exited: fatls (exit status 1; not expected)
2017-04-11 01:50:08,722 INFO spawned: 'fatls' with pid 38190
2017-04-11 01:50:14,688 INFO exited: bigls (exit status 1; not expected)
2017-04-11 01:50:14,717 INFO spawned: 'bigls' with pid 38212
2017-04-11 01:51:48,722 INFO success: fatls entered RUNNING state, process has stayed up for > than 100 seconds (startsecs)
2017-04-11 01:51:54,716 INFO success: bigls entered RUNNING state, process has stayed up for > than 100 seconds (startsecs)
2017-04-11 02:02:10,253 INFO exited: fatls (exit status 1; not expected)
2017-04-11 02:02:10,408 INFO spawned: 'fatls' with pid 40664
2017-04-11 02:03:50,490 INFO success: fatls entered RUNNING state, process has stayed up for > than 100 seconds (startsecs)
2017-04-12 21:58:42,520 INFO RPC interface 'supervisor' initialized
2017-04-12 21:58:42,521 CRIT Server 'unix_http_server' running without any HTTP authentication checking
2017-04-12 21:58:42,522 INFO daemonizing the supervisord process
2017-04-12 21:58:42,524 INFO supervisord started with pid 86013
2017-04-12 21:58:43,527 INFO spawned: 'fatls' with pid 86025
2017-04-12 22:00:06,967 INFO waiting for fatls to die
2017-04-12 22:00:06,967 INFO stopped: fatls (terminated by SIGTERM)
2017-04-12 22:01:51,675 INFO RPC interface 'supervisor' initialized
2017-04-12 22:01:51,675 CRIT Server 'unix_http_server' running without any HTTP authentication checking
2017-04-12 22:01:51,677 INFO daemonizing the supervisord process
2017-04-12 22:01:51,678 INFO supervisord started with pid 86949
2017-04-12 22:01:52,680 INFO spawned: 'fatls' with pid 86965
2017-04-12 22:03:32,791 INFO success: fatls entered RUNNING state, process has stayed up for > than 100 seconds (startsecs)
2017-04-12 22:03:35,997 INFO waiting for fatls to die
2017-04-12 22:03:35,998 INFO stopped: fatls (terminated by SIGTERM)
2017-04-12 22:04:14,493 INFO RPC interface 'supervisor' initialized
2017-04-12 22:04:14,493 CRIT Server 'unix_http_server' running without any HTTP authentication checking
2017-04-12 22:04:14,494 INFO daemonizing the supervisord process
2017-04-12 22:04:14,495 INFO supervisord started with pid 87555
2017-04-12 22:04:15,497 INFO spawned: 'fatls' with pid 87570
2017-04-12 22:04:36,714 INFO waiting for fatls to die
2017-04-12 22:04:36,714 INFO stopped: fatls (terminated by SIGTERM)
2017-04-23 16:22:42,388 INFO RPC interface 'supervisor' initialized
2017-04-23 16:22:42,389 CRIT Server 'unix_http_server' running without any HTTP authentication checking
2017-04-23 16:22:42,390 INFO daemonizing the supervisord process
2017-04-23 16:22:42,391 INFO supervisord started with pid 37523
2017-04-23 16:22:43,393 INFO spawned: 'fatls_09' with pid 37534
2017-04-23 16:22:43,395 INFO spawned: 'fatls_08' with pid 37535
2017-04-23 16:22:43,396 INFO spawned: 'fatls_01' with pid 37536
2017-04-23 16:22:43,398 INFO spawned: 'fatls_00' with pid 37537
2017-04-23 16:22:43,400 INFO spawned: 'fatls_03' with pid 37538
2017-04-23 16:22:43,402 INFO spawned: 'fatls_02' with pid 37539
2017-04-23 16:22:43,406 INFO spawned: 'fatls_05' with pid 37540
2017-04-23 16:22:43,408 INFO spawned: 'fatls_04' with pid 37541
2017-04-23 16:22:43,410 INFO spawned: 'fatls_07' with pid 37542
2017-04-23 16:22:43,412 INFO spawned: 'fatls_06' with pid 37543
2017-04-23 16:22:53,944 INFO success: fatls_09 entered RUNNING state, process has stayed up for > than 10 seconds (startsecs)
2017-04-23 16:22:53,945 INFO success: fatls_08 entered RUNNING state, process has stayed up for > than 10 seconds (startsecs)
2017-04-23 16:22:53,951 INFO success: fatls_01 entered RUNNING state, process has stayed up for > than 10 seconds (startsecs)
2017-04-23 16:22:53,951 INFO success: fatls_00 entered RUNNING state, process has stayed up for > than 10 seconds (startsecs)
2017-04-23 16:22:53,952 INFO success: fatls_03 entered RUNNING state, process has stayed up for > than 10 seconds (startsecs)
2017-04-23 16:22:53,952 INFO success: fatls_02 entered RUNNING state, process has stayed up for > than 10 seconds (startsecs)
2017-04-23 16:22:53,952 INFO success: fatls_05 entered RUNNING state, process has stayed up for > than 10 seconds (startsecs)
2017-04-23 16:22:53,982 INFO success: fatls_04 entered RUNNING state, process has stayed up for > than 10 seconds (startsecs)
2017-04-23 16:22:53,982 INFO success: fatls_07 entered RUNNING state, process has stayed up for > than 10 seconds (startsecs)
2017-04-23 16:22:53,982 INFO success: fatls_06 entered RUNNING state, process has stayed up for > than 10 seconds (startsecs)
2017-04-23 16:23:11,167 INFO waiting for fatls_00 to stop
2017-04-23 16:23:11,220 INFO stopped: fatls_00 (terminated by SIGTERM)
2017-04-23 16:25:20,090 INFO waiting for fatls_09 to stop
2017-04-23 16:25:20,098 INFO waiting for fatls_08 to stop
2017-04-23 16:25:20,102 INFO waiting for fatls_01 to stop
2017-04-23 16:25:20,102 INFO waiting for fatls_03 to stop
2017-04-23 16:25:20,103 INFO waiting for fatls_02 to stop
2017-04-23 16:25:20,103 INFO waiting for fatls_05 to stop
2017-04-23 16:25:20,103 INFO waiting for fatls_04 to stop
2017-04-23 16:25:20,103 INFO waiting for fatls_07 to stop
2017-04-23 16:25:20,103 INFO waiting for fatls_06 to stop
2017-04-23 16:25:20,103 INFO stopped: fatls_06 (terminated by SIGTERM)
2017-04-23 16:25:20,103 INFO stopped: fatls_07 (terminated by SIGTERM)
2017-04-23 16:25:20,104 INFO stopped: fatls_04 (terminated by SIGTERM)
2017-04-23 16:25:20,104 INFO stopped: fatls_05 (terminated by SIGTERM)
2017-04-23 16:25:20,104 INFO stopped: fatls_02 (terminated by SIGTERM)
2017-04-23 16:25:20,104 INFO stopped: fatls_03 (terminated by SIGTERM)
2017-04-23 16:25:20,104 INFO stopped: fatls_01 (terminated by SIGTERM)
2017-04-23 16:25:20,104 INFO stopped: fatls_08 (terminated by SIGTERM)
2017-04-23 16:25:20,104 INFO stopped: fatls_09 (terminated by SIGTERM)
2017-04-23 16:25:24,670 INFO spawned: 'fatls_09' with pid 37935
2017-04-23 16:25:24,672 INFO spawned: 'fatls_08' with pid 37936
2017-04-23 16:25:24,674 INFO spawned: 'fatls_01' with pid 37937
2017-04-23 16:25:24,676 INFO spawned: 'fatls_00' with pid 37938
2017-04-23 16:25:24,677 INFO spawned: 'fatls_03' with pid 37939
2017-04-23 16:25:24,679 INFO spawned: 'fatls_02' with pid 37940
2017-04-23 16:25:24,682 INFO spawned: 'fatls_05' with pid 37941
2017-04-23 16:25:24,685 INFO spawned: 'fatls_04' with pid 37942
2017-04-23 16:25:24,689 INFO spawned: 'fatls_07' with pid 37943
2017-04-23 16:25:24,692 INFO spawned: 'fatls_06' with pid 37944
2017-04-23 16:25:34,751 INFO success: fatls_09 entered RUNNING state, process has stayed up for > than 10 seconds (startsecs)
2017-04-23 16:25:34,751 INFO success: fatls_08 entered RUNNING state, process has stayed up for > than 10 seconds (startsecs)
2017-04-23 16:25:34,752 INFO success: fatls_01 entered RUNNING state, process has stayed up for > than 10 seconds (startsecs)
2017-04-23 16:25:34,759 INFO success: fatls_00 entered RUNNING state, process has stayed up for > than 10 seconds (startsecs)
2017-04-23 16:25:34,759 INFO success: fatls_03 entered RUNNING state, process has stayed up for > than 10 seconds (startsecs)
2017-04-23 16:25:34,759 INFO success: fatls_02 entered RUNNING state, process has stayed up for > than 10 seconds (startsecs)
2017-04-23 16:25:34,759 INFO success: fatls_05 entered RUNNING state, process has stayed up for > than 10 seconds (startsecs)
2017-04-23 16:25:34,768 INFO success: fatls_04 entered RUNNING state, process has stayed up for > than 10 seconds (startsecs)
2017-04-23 16:25:34,768 INFO success: fatls_07 entered RUNNING state, process has stayed up for > than 10 seconds (startsecs)
2017-04-23 16:25:34,768 INFO success: fatls_06 entered RUNNING state, process has stayed up for > than 10 seconds (startsecs)
2017-04-23 16:25:46,445 INFO waiting for fatls_09 to stop
2017-04-23 16:25:46,445 INFO waiting for fatls_08 to stop
2017-04-23 16:25:46,445 INFO waiting for fatls_01 to stop
2017-04-23 16:25:46,445 INFO waiting for fatls_00 to stop
2017-04-23 16:25:46,445 INFO waiting for fatls_03 to stop
2017-04-23 16:25:46,445 INFO waiting for fatls_02 to stop
2017-04-23 16:25:46,445 INFO waiting for fatls_05 to stop
2017-04-23 16:25:46,445 INFO waiting for fatls_04 to stop
2017-04-23 16:25:46,445 INFO waiting for fatls_07 to stop
2017-04-23 16:25:46,445 INFO waiting for fatls_06 to stop
2017-04-23 16:25:46,460 INFO stopped: fatls_06 (terminated by SIGTERM)
2017-04-23 16:25:46,460 INFO stopped: fatls_07 (terminated by SIGTERM)
2017-04-23 16:25:46,460 INFO stopped: fatls_04 (terminated by SIGTERM)
2017-04-23 16:25:46,460 INFO stopped: fatls_05 (terminated by SIGTERM)
2017-04-23 16:25:46,460 INFO stopped: fatls_02 (terminated by SIGTERM)
2017-04-23 16:25:46,461 INFO stopped: fatls_03 (terminated by SIGTERM)
2017-04-23 16:25:46,461 INFO stopped: fatls_00 (terminated by SIGTERM)
2017-04-23 16:25:46,461 INFO stopped: fatls_01 (terminated by SIGTERM)
2017-04-23 16:25:46,461 INFO stopped: fatls_08 (terminated by SIGTERM)
2017-04-23 16:25:46,461 INFO stopped: fatls_09 (terminated by SIGTERM)
2017-04-23 16:25:48,101 INFO spawned: 'fatls_09' with pid 38006
2017-04-23 16:25:48,103 INFO spawned: 'fatls_08' with pid 38007
2017-04-23 16:25:48,105 INFO spawned: 'fatls_01' with pid 38008
2017-04-23 16:25:48,106 INFO spawned: 'fatls_00' with pid 38009
2017-04-23 16:25:48,108 INFO spawned: 'fatls_03' with pid 38010
2017-04-23 16:25:48,112 INFO spawned: 'fatls_02' with pid 38011
2017-04-23 16:25:48,115 INFO spawned: 'fatls_05' with pid 38012
2017-04-23 16:25:48,120 INFO spawned: 'fatls_04' with pid 38013
2017-04-23 16:25:48,124 INFO spawned: 'fatls_07' with pid 38014
2017-04-23 16:25:48,129 INFO spawned: 'fatls_06' with pid 38015
2017-04-23 16:25:58,100 INFO success: fatls_09 entered RUNNING state, process has stayed up for > than 10 seconds (startsecs)
2017-04-23 16:25:58,103 INFO success: fatls_08 entered RUNNING state, process has stayed up for > than 10 seconds (startsecs)
2017-04-23 16:25:58,111 INFO success: fatls_01 entered RUNNING state, process has stayed up for > than 10 seconds (startsecs)
2017-04-23 16:25:58,125 INFO success: fatls_00 entered RUNNING state, process has stayed up for > than 10 seconds (startsecs)
2017-04-23 16:25:58,126 INFO success: fatls_03 entered RUNNING state, process has stayed up for > than 10 seconds (startsecs)
2017-04-23 16:25:58,126 INFO success: fatls_02 entered RUNNING state, process has stayed up for > than 10 seconds (startsecs)
2017-04-23 16:25:58,126 INFO success: fatls_05 entered RUNNING state, process has stayed up for > than 10 seconds (startsecs)
2017-04-23 16:25:58,126 INFO success: fatls_04 entered RUNNING state, process has stayed up for > than 10 seconds (startsecs)
2017-04-23 16:25:58,126 INFO success: fatls_07 entered RUNNING state, process has stayed up for > than 10 seconds (startsecs)
2017-04-23 16:25:58,126 INFO success: fatls_06 entered RUNNING state, process has stayed up for > than 10 seconds (startsecs)
2017-04-23 16:26:14,220 INFO waiting for fatls_09, fatls_08, fatls_01, fatls_00, fatls_03, fatls_02, fatls_05, fatls_04, fatls_07, fatls_06 to die
2017-04-23 16:26:14,220 INFO stopped: fatls_06 (terminated by SIGTERM)
2017-04-23 16:26:14,220 INFO stopped: fatls_04 (terminated by SIGTERM)
2017-04-23 16:26:14,220 INFO stopped: fatls_05 (terminated by SIGTERM)
2017-04-23 16:26:14,221 INFO stopped: fatls_02 (terminated by SIGTERM)
2017-04-23 16:26:14,296 INFO stopped: fatls_07 (terminated by SIGTERM)
2017-04-23 16:26:14,296 INFO stopped: fatls_03 (terminated by SIGTERM)
2017-04-23 16:26:14,297 INFO stopped: fatls_00 (terminated by SIGTERM)
2017-04-23 16:26:14,297 INFO stopped: fatls_01 (terminated by SIGTERM)
2017-04-23 16:26:14,297 INFO stopped: fatls_08 (terminated by SIGTERM)
2017-04-23 16:26:14,297 INFO stopped: fatls_09 (terminated by SIGTERM)
2017-04-23 16:27:05,291 INFO RPC interface 'supervisor' initialized
2017-04-23 16:27:05,292 CRIT Server 'unix_http_server' running without any HTTP authentication checking
2017-04-23 16:27:05,293 INFO daemonizing the supervisord process
2017-04-23 16:27:05,294 INFO supervisord started with pid 38216
2017-04-23 16:27:06,296 INFO spawned: 'fatls_09' with pid 38227
2017-04-23 16:27:06,298 INFO spawned: 'fatls_08' with pid 38228
2017-04-23 16:27:06,299 INFO spawned: 'fatls_01' with pid 38229
2017-04-23 16:27:06,301 INFO spawned: 'fatls_00' with pid 38230
2017-04-23 16:27:06,303 INFO spawned: 'fatls_03' with pid 38231
2017-04-23 16:27:06,306 INFO spawned: 'fatls_02' with pid 38232
2017-04-23 16:27:06,308 INFO spawned: 'fatls_05' with pid 38233
2017-04-23 16:27:06,311 INFO spawned: 'fatls_04' with pid 38234
2017-04-23 16:27:06,314 INFO spawned: 'fatls_07' with pid 38235
2017-04-23 16:27:06,319 INFO spawned: 'fatls_06' with pid 38236
2017-04-23 16:27:17,141 INFO success: fatls_09 entered RUNNING state, process has stayed up for > than 10 seconds (startsecs)
2017-04-23 16:27:17,142 INFO success: fatls_08 entered RUNNING state, process has stayed up for > than 10 seconds (startsecs)
2017-04-23 16:27:17,142 INFO success: fatls_01 entered RUNNING state, process has stayed up for > than 10 seconds (startsecs)
2017-04-23 16:27:17,142 INFO success: fatls_00 entered RUNNING state, process has stayed up for > than 10 seconds (startsecs)
2017-04-23 16:27:17,142 INFO success: fatls_03 entered RUNNING state, process has stayed up for > than 10 seconds (startsecs)
2017-04-23 16:27:17,142 INFO success: fatls_02 entered RUNNING state, process has stayed up for > than 10 seconds (startsecs)
2017-04-23 16:27:17,142 INFO success: fatls_05 entered RUNNING state, process has stayed up for > than 10 seconds (startsecs)
2017-04-23 16:27:17,142 INFO success: fatls_04 entered RUNNING state, process has stayed up for > than 10 seconds (startsecs)
2017-04-23 16:27:17,142 INFO success: fatls_07 entered RUNNING state, process has stayed up for > than 10 seconds (startsecs)
2017-04-23 16:27:17,142 INFO success: fatls_06 entered RUNNING state, process has stayed up for > than 10 seconds (startsecs)
2017-04-23 16:27:35,984 INFO spawned: 'pwd' with pid 38285
2017-04-23 16:27:36,101 INFO exited: pwd (exit status 0; not expected)
2017-04-23 16:27:38,116 INFO spawned: 'pwd' with pid 38290
2017-04-23 16:27:38,122 INFO exited: pwd (exit status 0; not expected)
2017-04-23 16:27:43,161 INFO spawned: 'pwd' with pid 38302
2017-04-23 16:27:44,774 INFO success: pwd entered RUNNING state, process has stayed up for > than 1 seconds (startsecs)
2017-04-23 16:27:44,774 INFO exited: pwd (exit status 0; expected)
2017-04-23 16:28:06,820 INFO waiting for fatls_09, fatls_08, fatls_01, fatls_00, fatls_03, fatls_02, fatls_05, fatls_04, fatls_07, fatls_06 to die
2017-04-23 16:28:07,009 INFO stopped: fatls_06 (terminated by SIGTERM)
2017-04-23 16:28:07,009 INFO stopped: fatls_07 (terminated by SIGTERM)
2017-04-23 16:28:07,009 INFO stopped: fatls_04 (terminated by SIGTERM)
2017-04-23 16:28:07,009 INFO stopped: fatls_05 (terminated by SIGTERM)
2017-04-23 16:28:07,009 INFO stopped: fatls_02 (terminated by SIGTERM)
2017-04-23 16:28:07,009 INFO stopped: fatls_03 (terminated by SIGTERM)
2017-04-23 16:28:07,009 INFO stopped: fatls_00 (terminated by SIGTERM)
2017-04-23 16:28:07,009 INFO stopped: fatls_01 (terminated by SIGTERM)
2017-04-23 16:28:07,010 INFO stopped: fatls_08 (terminated by SIGTERM)
2017-04-23 16:28:07,010 INFO stopped: fatls_09 (terminated by SIGTERM)
2017-04-23 16:55:23,960 INFO RPC interface 'supervisor' initialized
2017-04-23 16:55:23,960 CRIT Server 'unix_http_server' running without any HTTP authentication checking
2017-04-23 16:55:23,961 INFO daemonizing the supervisord process
2017-04-23 16:55:23,963 INFO supervisord started with pid 44407
2017-04-23 16:55:24,965 INFO spawned: 'fatls_09' with pid 44418
2017-04-23 16:55:24,967 INFO spawned: 'fatls_08' with pid 44419
2017-04-23 16:55:24,968 INFO spawned: 'fatls_01' with pid 44420
2017-04-23 16:55:24,970 INFO spawned: 'fatls_00' with pid 44421
2017-04-23 16:55:24,971 INFO spawned: 'fatls_03' with pid 44422
2017-04-23 16:55:24,974 INFO spawned: 'fatls_02' with pid 44423
2017-04-23 16:55:24,976 INFO spawned: 'fatls_05' with pid 44424
2017-04-23 16:55:24,978 INFO spawned: 'fatls_04' with pid 44425
2017-04-23 16:55:24,980 INFO spawned: 'fatls_07' with pid 44426
2017-04-23 16:55:24,982 INFO spawned: 'fatls_06' with pid 44427
2017-04-23 16:55:33,768 INFO waiting for fatls_09 to stop
2017-04-23 16:55:33,768 INFO waiting for fatls_08 to stop
2017-04-23 16:55:33,768 INFO waiting for fatls_01 to stop
2017-04-23 16:55:33,768 INFO waiting for fatls_00 to stop
2017-04-23 16:55:33,768 INFO waiting for fatls_03 to stop
2017-04-23 16:55:33,768 INFO waiting for fatls_02 to stop
2017-04-23 16:55:33,768 INFO waiting for fatls_05 to stop
2017-04-23 16:55:33,768 INFO waiting for fatls_04 to stop
2017-04-23 16:55:33,768 INFO waiting for fatls_07 to stop
2017-04-23 16:55:33,768 INFO waiting for fatls_06 to stop
2017-04-23 16:55:33,790 INFO stopped: fatls_06 (terminated by SIGTERM)
2017-04-23 16:55:33,790 INFO stopped: fatls_07 (terminated by SIGTERM)
2017-04-23 16:55:33,790 INFO stopped: fatls_04 (terminated by SIGTERM)
2017-04-23 16:55:33,791 INFO stopped: fatls_05 (terminated by SIGTERM)
2017-04-23 16:55:33,791 INFO stopped: fatls_02 (terminated by SIGTERM)
2017-04-23 16:55:33,791 INFO stopped: fatls_03 (terminated by SIGTERM)
2017-04-23 16:55:33,791 INFO stopped: fatls_00 (terminated by SIGTERM)
2017-04-23 16:55:33,791 INFO stopped: fatls_01 (terminated by SIGTERM)
2017-04-23 16:55:33,791 INFO stopped: fatls_08 (terminated by SIGTERM)
2017-04-23 16:55:33,792 INFO stopped: fatls_09 (terminated by SIGTERM)
2017-04-26 23:04:17,046 INFO RPC interface 'supervisor' initialized
2017-04-26 23:04:17,046 CRIT Server 'unix_http_server' running without any HTTP authentication checking
2017-04-26 23:04:17,048 INFO daemonizing the supervisord process
2017-04-26 23:04:17,049 INFO supervisord started with pid 11080
2017-04-26 23:04:18,051 INFO spawned: 'fatls_09' with pid 11092
2017-04-26 23:04:18,053 INFO spawned: 'fatls_08' with pid 11093
2017-04-26 23:04:18,055 INFO spawned: 'fatls_01' with pid 11094
2017-04-26 23:04:18,058 INFO spawned: 'fatls_00' with pid 11095
2017-04-26 23:04:18,061 INFO spawned: 'fatls_03' with pid 11096
2017-04-26 23:04:18,064 INFO spawned: 'fatls_02' with pid 11097
2017-04-26 23:04:18,066 INFO spawned: 'fatls_05' with pid 11098
2017-04-26 23:04:18,069 INFO spawned: 'fatls_04' with pid 11099
2017-04-26 23:04:18,072 INFO spawned: 'fatls_07' with pid 11100
2017-04-26 23:04:18,075 INFO spawned: 'fatls_06' with pid 11101
2017-04-26 23:04:28,078 INFO success: fatls_09 entered RUNNING state, process has stayed up for > than 10 seconds (startsecs)
2017-04-26 23:04:28,078 INFO success: fatls_08 entered RUNNING state, process has stayed up for > than 10 seconds (startsecs)
2017-04-26 23:04:28,078 INFO success: fatls_01 entered RUNNING state, process has stayed up for > than 10 seconds (startsecs)
2017-04-26 23:04:28,078 INFO success: fatls_00 entered RUNNING state, process has stayed up for > than 10 seconds (startsecs)
2017-04-26 23:04:28,078 INFO success: fatls_03 entered RUNNING state, process has stayed up for > than 10 seconds (startsecs)
2017-04-26 23:04:28,079 INFO success: fatls_02 entered RUNNING state, process has stayed up for > than 10 seconds (startsecs)
2017-04-26 23:04:28,079 INFO success: fatls_05 entered RUNNING state, process has stayed up for > than 10 seconds (startsecs)
2017-04-26 23:04:28,079 INFO success: fatls_04 entered RUNNING state, process has stayed up for > than 10 seconds (startsecs)
2017-04-26 23:04:28,079 INFO success: fatls_07 entered RUNNING state, process has stayed up for > than 10 seconds (startsecs)
2017-04-26 23:04:28,079 INFO success: fatls_06 entered RUNNING state, process has stayed up for > than 10 seconds (startsecs)
2017-04-26 23:04:45,657 INFO waiting for fatls_00 to stop
2017-04-26 23:04:45,658 INFO stopped: fatls_00 (terminated by SIGTERM)
2017-04-26 23:04:58,042 INFO spawned: 'fatls_00' with pid 11212
2017-04-26 23:05:08,041 INFO success: fatls_00 entered RUNNING state, process has stayed up for > than 10 seconds (startsecs)
2017-04-26 23:05:17,112 INFO waiting for fatls_00 to stop
2017-04-26 23:05:17,121 INFO stopped: fatls_00 (terminated by SIGTERM)
2017-04-26 23:05:23,918 INFO spawned: 'fatls_00' with pid 11302
2017-04-26 23:05:33,940 INFO success: fatls_00 entered RUNNING state, process has stayed up for > than 10 seconds (startsecs)
2017-04-26 23:08:27,336 INFO exited: fatls_06 (exit status 1; not expected)
2017-04-26 23:08:27,336 INFO exited: fatls_04 (exit status 1; not expected)
2017-04-26 23:08:27,336 INFO exited: fatls_09 (exit status 1; not expected)
2017-04-26 23:08:27,339 INFO spawned: 'fatls_09' with pid 12281
2017-04-26 23:08:27,342 INFO spawned: 'fatls_04' with pid 12282
2017-04-26 23:08:27,344 INFO spawned: 'fatls_06' with pid 12283
2017-04-26 23:08:27,345 INFO exited: fatls_07 (exit status 1; not expected)
2017-04-26 23:08:27,346 INFO exited: fatls_05 (exit status 1; not expected)
2017-04-26 23:08:27,346 INFO exited: fatls_02 (exit status 1; not expected)
2017-04-26 23:08:27,346 INFO exited: fatls_03 (exit status 1; not expected)
2017-04-26 23:08:27,347 INFO exited: fatls_01 (exit status 1; not expected)
2017-04-26 23:08:27,347 INFO exited: fatls_08 (exit status 1; not expected)
2017-04-26 23:08:27,492 INFO spawned: 'fatls_08' with pid 12284
2017-04-26 23:08:27,493 INFO spawned: 'fatls_01' with pid 12285
2017-04-26 23:08:27,495 INFO spawned: 'fatls_03' with pid 12286
2017-04-26 23:08:27,497 INFO spawned: 'fatls_02' with pid 12287
2017-04-26 23:08:27,500 INFO spawned: 'fatls_05' with pid 12288
2017-04-26 23:08:27,502 INFO spawned: 'fatls_07' with pid 12289
2017-04-26 23:08:37,345 INFO success: fatls_09 entered RUNNING state, process has stayed up for > than 10 seconds (startsecs)
2017-04-26 23:08:37,345 INFO success: fatls_04 entered RUNNING state, process has stayed up for > than 10 seconds (startsecs)
2017-04-26 23:08:37,345 INFO success: fatls_06 entered RUNNING state, process has stayed up for > than 10 seconds (startsecs)
2017-04-26 23:08:37,660 INFO success: fatls_08 entered RUNNING state, process has stayed up for > than 10 seconds (startsecs)
2017-04-26 23:08:37,660 INFO success: fatls_01 entered RUNNING state, process has stayed up for > than 10 seconds (startsecs)
2017-04-26 23:08:37,660 INFO success: fatls_03 entered RUNNING state, process has stayed up for > than 10 seconds (startsecs)
2017-04-26 23:08:37,661 INFO success: fatls_02 entered RUNNING state, process has stayed up for > than 10 seconds (startsecs)
2017-04-26 23:08:37,661 INFO success: fatls_05 entered RUNNING state, process has stayed up for > than 10 seconds (startsecs)
2017-04-26 23:08:37,661 INFO success: fatls_07 entered RUNNING state, process has stayed up for > than 10 seconds (startsecs)
2017-04-26 23:11:29,198 INFO exited: fatls_00 (exit status 1; not expected)
2017-04-26 23:11:29,201 INFO spawned: 'fatls_00' with pid 12791
2017-04-26 23:11:39,200 INFO success: fatls_00 entered RUNNING state, process has stayed up for > than 10 seconds (startsecs)
2017-04-26 23:24:19,632 INFO exited: fatls_00 (terminated by SIGKILL; not expected)
2017-04-26 23:24:20,161 INFO spawned: 'fatls_00' with pid 16307
2017-04-26 23:24:25,473 INFO exited: fatls_07 (terminated by SIGKILL; not expected)
2017-04-26 23:24:25,493 INFO spawned: 'fatls_07' with pid 16324
2017-04-26 23:24:29,948 INFO exited: fatls_02 (terminated by SIGKILL; not expected)
2017-04-26 23:24:29,983 INFO spawned: 'fatls_02' with pid 16347
2017-04-26 23:24:30,159 INFO success: fatls_00 entered RUNNING state, process has stayed up for > than 10 seconds (startsecs)
2017-04-26 23:24:35,500 INFO success: fatls_07 entered RUNNING state, process has stayed up for > than 10 seconds (startsecs)
2017-04-26 23:24:36,463 INFO exited: fatls_05 (terminated by SIGKILL; not expected)
2017-04-26 23:24:36,471 INFO spawned: 'fatls_05' with pid 16373
2017-04-26 23:24:39,981 INFO success: fatls_02 entered RUNNING state, process has stayed up for > than 10 seconds (startsecs)
2017-04-26 23:24:40,774 INFO exited: fatls_03 (terminated by SIGKILL; not expected)
2017-04-26 23:24:40,788 INFO spawned: 'fatls_03' with pid 16394
2017-04-26 23:24:44,419 INFO exited: fatls_06 (terminated by SIGKILL; not expected)
2017-04-26 23:24:44,469 INFO spawned: 'fatls_06' with pid 16414
2017-04-26 23:24:46,473 INFO success: fatls_05 entered RUNNING state, process has stayed up for > than 10 seconds (startsecs)
2017-04-26 23:24:50,938 INFO success: fatls_03 entered RUNNING state, process has stayed up for > than 10 seconds (startsecs)
2017-04-26 23:24:54,495 INFO success: fatls_06 entered RUNNING state, process has stayed up for > than 10 seconds (startsecs)
2017-04-26 23:41:12,869 INFO exited: fatls_04 (exit status 1; not expected)
2017-04-26 23:41:12,912 INFO spawned: 'fatls_04' with pid 20712
2017-04-26 23:41:12,913 INFO exited: fatls_01 (exit status 1; not expected)
2017-04-26 23:41:12,913 INFO exited: fatls_08 (exit status 1; not expected)
2017-04-26 23:41:12,913 INFO exited: fatls_09 (exit status 1; not expected)
2017-04-26 23:41:13,219 INFO spawned: 'fatls_09' with pid 20713
2017-04-26 23:41:13,222 INFO spawned: 'fatls_08' with pid 20714
2017-04-26 23:41:13,226 INFO spawned: 'fatls_01' with pid 20715
2017-04-26 23:41:23,081 INFO success: fatls_04 entered RUNNING state, process has stayed up for > than 10 seconds (startsecs)
2017-04-26 23:41:23,237 INFO success: fatls_09 entered RUNNING state, process has stayed up for > than 10 seconds (startsecs)
2017-04-26 23:41:23,237 INFO success: fatls_08 entered RUNNING state, process has stayed up for > than 10 seconds (startsecs)
2017-04-26 23:41:23,238 INFO success: fatls_01 entered RUNNING state, process has stayed up for > than 10 seconds (startsecs)
2017-04-27 00:00:13,538 INFO exited: fatls_05 (exit status 1; not expected)
2017-04-27 00:00:13,541 INFO exited: fatls_06 (exit status 1; not expected)
2017-04-27 00:00:13,541 INFO exited: fatls_02 (exit status 1; not expected)
2017-04-27 00:00:13,608 INFO spawned: 'fatls_02' with pid 25091
2017-04-27 00:00:13,612 INFO spawned: 'fatls_05' with pid 25092
2017-04-27 00:00:13,617 INFO spawned: 'fatls_06' with pid 25093
2017-04-27 00:00:13,623 INFO exited: fatls_03 (exit status 1; not expected)
2017-04-27 00:00:13,627 INFO spawned: 'fatls_03' with pid 25094
2017-04-27 00:00:13,636 INFO exited: fatls_00 (exit status 1; not expected)
2017-04-27 00:00:13,639 INFO spawned: 'fatls_00' with pid 25095
2017-04-27 00:00:13,640 INFO exited: fatls_07 (exit status 1; not expected)
2017-04-27 00:00:13,801 INFO spawned: 'fatls_07' with pid 25096
2017-04-27 00:00:23,640 INFO success: fatls_00 entered RUNNING state, process has stayed up for > than 10 seconds (startsecs)
2017-04-27 00:00:23,640 INFO success: fatls_03 entered RUNNING state, process has stayed up for > than 10 seconds (startsecs)
2017-04-27 00:00:23,640 INFO success: fatls_02 entered RUNNING state, process has stayed up for > than 10 seconds (startsecs)
2017-04-27 00:00:23,640 INFO success: fatls_05 entered RUNNING state, process has stayed up for > than 10 seconds (startsecs)
2017-04-27 00:00:23,640 INFO success: fatls_06 entered RUNNING state, process has stayed up for > than 10 seconds (startsecs)
2017-04-27 00:00:23,835 INFO success: fatls_07 entered RUNNING state, process has stayed up for > than 10 seconds (startsecs)
